Start testing: Sep 22 13:02 CEST
----------------------------------------------------------
1/11 Testing: sum
1/11 Test: sum
Command: "/home/damian/Desktop/repos/Solutions/stl-workshop/build/sumTests"
Directory: /home/damian/Desktop/repos/Solutions/stl-workshop/build
"sum" start time: Sep 22 13:02 CEST
Output:
----------------------------------------------------------
Running main() from gtest_main.cc
[==========] Running 12 tests from 4 test cases.
[----------] Global test environment set-up.
[----------] 3 tests from ContainerTypedTests/0, where TypeParam = std::array<int, 4ul>
[ RUN      ] ContainerTypedTests/0.SumsToSix
[       OK ] ContainerTypedTests/0.SumsToSix (0 ms)
[ RUN      ] ContainerTypedTests/0.SumsToZero
[       OK ] ContainerTypedTests/0.SumsToZero (0 ms)
[ RUN      ] ContainerTypedTests/0.ZeroElements
[       OK ] ContainerTypedTests/0.ZeroElements (0 ms)
[----------] 3 tests from ContainerTypedTests/0 (0 ms total)

[----------] 3 tests from ContainerTypedTests/1, where TypeParam = std::__cxx11::list<int, std::allocator<int> >
[ RUN      ] ContainerTypedTests/1.SumsToSix
[       OK ] ContainerTypedTests/1.SumsToSix (0 ms)
[ RUN      ] ContainerTypedTests/1.SumsToZero
[       OK ] ContainerTypedTests/1.SumsToZero (0 ms)
[ RUN      ] ContainerTypedTests/1.ZeroElements
[       OK ] ContainerTypedTests/1.ZeroElements (0 ms)
[----------] 3 tests from ContainerTypedTests/1 (0 ms total)

[----------] 3 tests from ContainerTypedTests/2, where TypeParam = std::vector<int, std::allocator<int> >
[ RUN      ] ContainerTypedTests/2.SumsToSix
[       OK ] ContainerTypedTests/2.SumsToSix (0 ms)
[ RUN      ] ContainerTypedTests/2.SumsToZero
[       OK ] ContainerTypedTests/2.SumsToZero (0 ms)
[ RUN      ] ContainerTypedTests/2.ZeroElements
[       OK ] ContainerTypedTests/2.ZeroElements (0 ms)
[----------] 3 tests from ContainerTypedTests/2 (0 ms total)

[----------] 3 tests from ContainerTypedTests/3, where TypeParam = std::deque<int, std::allocator<int> >
[ RUN      ] ContainerTypedTests/3.SumsToSix
[       OK ] ContainerTypedTests/3.SumsToSix (0 ms)
[ RUN      ] ContainerTypedTests/3.SumsToZero
[       OK ] ContainerTypedTests/3.SumsToZero (0 ms)
[ RUN      ] ContainerTypedTests/3.ZeroElements
[       OK ] ContainerTypedTests/3.ZeroElements (0 ms)
[----------] 3 tests from ContainerTypedTests/3 (0 ms total)

[----------] Global test environment tear-down
[==========] 12 tests from 4 test cases ran. (0 ms total)
[  PASSED  ] 12 tests.
<end of output>
Test time =   0.00 sec
----------------------------------------------------------
Test Passed.
"sum" end time: Sep 22 13:02 CEST
"sum" time elapsed: 00:00:00
----------------------------------------------------------

2/11 Testing: minmax
2/11 Test: minmax
Command: "/home/damian/Desktop/repos/Solutions/stl-workshop/build/minmaxTests"
Directory: /home/damian/Desktop/repos/Solutions/stl-workshop/build
"minmax" start time: Sep 22 13:02 CEST
Output:
----------------------------------------------------------
Running main() from gtest_main.cc
[==========] Running 12 tests from 4 test cases.
[----------] Global test environment set-up.
[----------] 3 tests from ContainerTypedTests/0, where TypeParam = std::array<int, 4ul>
[ RUN      ] ContainerTypedTests/0.Min1Max4
[       OK ] ContainerTypedTests/0.Min1Max4 (0 ms)
[ RUN      ] ContainerTypedTests/0.Min1Max1
[       OK ] ContainerTypedTests/0.Min1Max1 (0 ms)
[ RUN      ] ContainerTypedTests/0.MinMinus100MaxMinus90
[       OK ] ContainerTypedTests/0.MinMinus100MaxMinus90 (0 ms)
[----------] 3 tests from ContainerTypedTests/0 (0 ms total)

[----------] 3 tests from ContainerTypedTests/1, where TypeParam = std::__cxx11::list<int, std::allocator<int> >
[ RUN      ] ContainerTypedTests/1.Min1Max4
[       OK ] ContainerTypedTests/1.Min1Max4 (1 ms)
[ RUN      ] ContainerTypedTests/1.Min1Max1
[       OK ] ContainerTypedTests/1.Min1Max1 (0 ms)
[ RUN      ] ContainerTypedTests/1.MinMinus100MaxMinus90
[       OK ] ContainerTypedTests/1.MinMinus100MaxMinus90 (0 ms)
[----------] 3 tests from ContainerTypedTests/1 (1 ms total)

[----------] 3 tests from ContainerTypedTests/2, where TypeParam = std::vector<int, std::allocator<int> >
[ RUN      ] ContainerTypedTests/2.Min1Max4
[       OK ] ContainerTypedTests/2.Min1Max4 (0 ms)
[ RUN      ] ContainerTypedTests/2.Min1Max1
[       OK ] ContainerTypedTests/2.Min1Max1 (0 ms)
[ RUN      ] ContainerTypedTests/2.MinMinus100MaxMinus90
[       OK ] ContainerTypedTests/2.MinMinus100MaxMinus90 (0 ms)
[----------] 3 tests from ContainerTypedTests/2 (0 ms total)

[----------] 3 tests from ContainerTypedTests/3, where TypeParam = std::deque<int, std::allocator<int> >
[ RUN      ] ContainerTypedTests/3.Min1Max4
[       OK ] ContainerTypedTests/3.Min1Max4 (0 ms)
[ RUN      ] ContainerTypedTests/3.Min1Max1
[       OK ] ContainerTypedTests/3.Min1Max1 (0 ms)
[ RUN      ] ContainerTypedTests/3.MinMinus100MaxMinus90
[       OK ] ContainerTypedTests/3.MinMinus100MaxMinus90 (0 ms)
[----------] 3 tests from ContainerTypedTests/3 (0 ms total)

[----------] Global test environment tear-down
[==========] 12 tests from 4 test cases ran. (1 ms total)
[  PASSED  ] 12 tests.
<end of output>
Test time =   0.00 sec
----------------------------------------------------------
Test Passed.
"minmax" end time: Sep 22 13:02 CEST
"minmax" time elapsed: 00:00:00
----------------------------------------------------------

3/11 Testing: find
3/11 Test: find
Command: "/home/damian/Desktop/repos/Solutions/stl-workshop/build/findTests"
Directory: /home/damian/Desktop/repos/Solutions/stl-workshop/build
"find" start time: Sep 22 13:02 CEST
Output:
----------------------------------------------------------
Running main() from gtest_main.cc
[==========] Running 8 tests from 4 test cases.
[----------] Global test environment set-up.
[----------] 2 tests from ContainerTypedTests/0, where TypeParam = std::array<int, 4ul>
[ RUN      ] ContainerTypedTests/0.FindDivisableBy4_Found
[       OK ] ContainerTypedTests/0.FindDivisableBy4_Found (0 ms)
[ RUN      ] ContainerTypedTests/0.FindDivisableBy4_NotFound
[       OK ] ContainerTypedTests/0.FindDivisableBy4_NotFound (0 ms)
[----------] 2 tests from ContainerTypedTests/0 (0 ms total)

[----------] 2 tests from ContainerTypedTests/1, where TypeParam = std::__cxx11::list<int, std::allocator<int> >
[ RUN      ] ContainerTypedTests/1.FindDivisableBy4_Found
[       OK ] ContainerTypedTests/1.FindDivisableBy4_Found (0 ms)
[ RUN      ] ContainerTypedTests/1.FindDivisableBy4_NotFound
[       OK ] ContainerTypedTests/1.FindDivisableBy4_NotFound (0 ms)
[----------] 2 tests from ContainerTypedTests/1 (0 ms total)

[----------] 2 tests from ContainerTypedTests/2, where TypeParam = std::vector<int, std::allocator<int> >
[ RUN      ] ContainerTypedTests/2.FindDivisableBy4_Found
[       OK ] ContainerTypedTests/2.FindDivisableBy4_Found (0 ms)
[ RUN      ] ContainerTypedTests/2.FindDivisableBy4_NotFound
[       OK ] ContainerTypedTests/2.FindDivisableBy4_NotFound (0 ms)
[----------] 2 tests from ContainerTypedTests/2 (0 ms total)

[----------] 2 tests from ContainerTypedTests/3, where TypeParam = std::deque<int, std::allocator<int> >
[ RUN      ] ContainerTypedTests/3.FindDivisableBy4_Found
[       OK ] ContainerTypedTests/3.FindDivisableBy4_Found (0 ms)
[ RUN      ] ContainerTypedTests/3.FindDivisableBy4_NotFound
[       OK ] ContainerTypedTests/3.FindDivisableBy4_NotFound (0 ms)
[----------] 2 tests from ContainerTypedTests/3 (0 ms total)

[----------] Global test environment tear-down
[==========] 8 tests from 4 test cases ran. (0 ms total)
[  PASSED  ] 8 tests.
<end of output>
Test time =   0.00 sec
----------------------------------------------------------
Test Passed.
"find" end time: Sep 22 13:02 CEST
"find" time elapsed: 00:00:00
----------------------------------------------------------

4/11 Testing: rotate
4/11 Test: rotate
Command: "/home/damian/Desktop/repos/Solutions/stl-workshop/build/rotateTests"
Directory: /home/damian/Desktop/repos/Solutions/stl-workshop/build
"rotate" start time: Sep 22 13:02 CEST
Output:
----------------------------------------------------------
Running main() from gtest_main.cc
[==========] Running 16 tests from 4 test cases.
[----------] Global test environment set-up.
[----------] 4 tests from ContainerTypedTests/0, where TypeParam = std::array<int, 4ul>
[ RUN      ] ContainerTypedTests/0.RotateOnce
[       OK ] ContainerTypedTests/0.RotateOnce (0 ms)
[ RUN      ] ContainerTypedTests/0.RotateTwice
[       OK ] ContainerTypedTests/0.RotateTwice (0 ms)
[ RUN      ] ContainerTypedTests/0.RotateThreeTimes
[       OK ] ContainerTypedTests/0.RotateThreeTimes (0 ms)
[ RUN      ] ContainerTypedTests/0.RotateFourTimes
[       OK ] ContainerTypedTests/0.RotateFourTimes (0 ms)
[----------] 4 tests from ContainerTypedTests/0 (0 ms total)

[----------] 4 tests from ContainerTypedTests/1, where TypeParam = std::__cxx11::list<int, std::allocator<int> >
[ RUN      ] ContainerTypedTests/1.RotateOnce
[       OK ] ContainerTypedTests/1.RotateOnce (0 ms)
[ RUN      ] ContainerTypedTests/1.RotateTwice
[       OK ] ContainerTypedTests/1.RotateTwice (0 ms)
[ RUN      ] ContainerTypedTests/1.RotateThreeTimes
[       OK ] ContainerTypedTests/1.RotateThreeTimes (0 ms)
[ RUN      ] ContainerTypedTests/1.RotateFourTimes
[       OK ] ContainerTypedTests/1.RotateFourTimes (0 ms)
[----------] 4 tests from ContainerTypedTests/1 (0 ms total)

[----------] 4 tests from ContainerTypedTests/2, where TypeParam = std::vector<int, std::allocator<int> >
[ RUN      ] ContainerTypedTests/2.RotateOnce
[       OK ] ContainerTypedTests/2.RotateOnce (0 ms)
[ RUN      ] ContainerTypedTests/2.RotateTwice
[       OK ] ContainerTypedTests/2.RotateTwice (0 ms)
[ RUN      ] ContainerTypedTests/2.RotateThreeTimes
[       OK ] ContainerTypedTests/2.RotateThreeTimes (0 ms)
[ RUN      ] ContainerTypedTests/2.RotateFourTimes
[       OK ] ContainerTypedTests/2.RotateFourTimes (0 ms)
[----------] 4 tests from ContainerTypedTests/2 (0 ms total)

[----------] 4 tests from ContainerTypedTests/3, where TypeParam = std::deque<int, std::allocator<int> >
[ RUN      ] ContainerTypedTests/3.RotateOnce
[       OK ] ContainerTypedTests/3.RotateOnce (0 ms)
[ RUN      ] ContainerTypedTests/3.RotateTwice
[       OK ] ContainerTypedTests/3.RotateTwice (0 ms)
[ RUN      ] ContainerTypedTests/3.RotateThreeTimes
[       OK ] ContainerTypedTests/3.RotateThreeTimes (0 ms)
[ RUN      ] ContainerTypedTests/3.RotateFourTimes
[       OK ] ContainerTypedTests/3.RotateFourTimes (0 ms)
[----------] 4 tests from ContainerTypedTests/3 (0 ms total)

[----------] Global test environment tear-down
[==========] 16 tests from 4 test cases ran. (0 ms total)
[  PASSED  ] 16 tests.
<end of output>
Test time =   0.00 sec
----------------------------------------------------------
Test Passed.
"rotate" end time: Sep 22 13:02 CEST
"rotate" time elapsed: 00:00:00
----------------------------------------------------------

5/11 Testing: partial
5/11 Test: partial
Command: "/home/damian/Desktop/repos/Solutions/stl-workshop/build/partialTests"
Directory: /home/damian/Desktop/repos/Solutions/stl-workshop/build
"partial" start time: Sep 22 13:02 CEST
Output:
----------------------------------------------------------
Running main() from gtest_main.cc
[==========] Running 4 tests from 4 test cases.
[----------] Global test environment set-up.
[----------] 1 test from ContainerTypedTests/0, where TypeParam = std::array<int, 4ul>
[ RUN      ] ContainerTypedTests/0.Multiply
[       OK ] ContainerTypedTests/0.Multiply (0 ms)
[----------] 1 test from ContainerTypedTests/0 (0 ms total)

[----------] 1 test from ContainerTypedTests/1, where TypeParam = std::__cxx11::list<int, std::allocator<int> >
[ RUN      ] ContainerTypedTests/1.Multiply
[       OK ] ContainerTypedTests/1.Multiply (0 ms)
[----------] 1 test from ContainerTypedTests/1 (0 ms total)

[----------] 1 test from ContainerTypedTests/2, where TypeParam = std::vector<int, std::allocator<int> >
[ RUN      ] ContainerTypedTests/2.Multiply
[       OK ] ContainerTypedTests/2.Multiply (0 ms)
[----------] 1 test from ContainerTypedTests/2 (0 ms total)

[----------] 1 test from ContainerTypedTests/3, where TypeParam = std::deque<int, std::allocator<int> >
[ RUN      ] ContainerTypedTests/3.Multiply
[       OK ] ContainerTypedTests/3.Multiply (0 ms)
[----------] 1 test from ContainerTypedTests/3 (0 ms total)

[----------] Global test environment tear-down
[==========] 4 tests from 4 test cases ran. (0 ms total)
[  PASSED  ] 4 tests.
<end of output>
Test time =   0.00 sec
----------------------------------------------------------
Test Passed.
"partial" end time: Sep 22 13:02 CEST
"partial" time elapsed: 00:00:00
----------------------------------------------------------

6/11 Testing: partial_sort
6/11 Test: partial_sort
Command: "/home/damian/Desktop/repos/Solutions/stl-workshop/build/partial_sortTests"
Directory: /home/damian/Desktop/repos/Solutions/stl-workshop/build
"partial_sort" start time: Sep 22 13:02 CEST
Output:
----------------------------------------------------------
Running main() from gtest_main.cc
[==========] Running 20 tests from 4 test cases.
[----------] Global test environment set-up.
[----------] 5 tests from ContainerTypedTestsForMyStruct/0, where TypeParam = std::array<MyStruct, 4ul>
[ RUN      ] ContainerTypedTestsForMyStruct/0.PartialSortFirstZero
[       OK ] ContainerTypedTestsForMyStruct/0.PartialSortFirstZero (0 ms)
[ RUN      ] ContainerTypedTestsForMyStruct/0.PartialSortFirstOne
[       OK ] ContainerTypedTestsForMyStruct/0.PartialSortFirstOne (0 ms)
[ RUN      ] ContainerTypedTestsForMyStruct/0.PartialSortFirstTwo
[       OK ] ContainerTypedTestsForMyStruct/0.PartialSortFirstTwo (0 ms)
[ RUN      ] ContainerTypedTestsForMyStruct/0.PartialSortFirstThree
[       OK ] ContainerTypedTestsForMyStruct/0.PartialSortFirstThree (0 ms)
[ RUN      ] ContainerTypedTestsForMyStruct/0.PartialSortFirstFour
[       OK ] ContainerTypedTestsForMyStruct/0.PartialSortFirstFour (0 ms)
[----------] 5 tests from ContainerTypedTestsForMyStruct/0 (0 ms total)

[----------] 5 tests from ContainerTypedTestsForMyStruct/1, where TypeParam = std::__cxx11::list<MyStruct, std::allocator<MyStruct> >
[ RUN      ] ContainerTypedTestsForMyStruct/1.PartialSortFirstZero
[       OK ] ContainerTypedTestsForMyStruct/1.PartialSortFirstZero (0 ms)
[ RUN      ] ContainerTypedTestsForMyStruct/1.PartialSortFirstOne
[       OK ] ContainerTypedTestsForMyStruct/1.PartialSortFirstOne (0 ms)
[ RUN      ] ContainerTypedTestsForMyStruct/1.PartialSortFirstTwo
[       OK ] ContainerTypedTestsForMyStruct/1.PartialSortFirstTwo (0 ms)
[ RUN      ] ContainerTypedTestsForMyStruct/1.PartialSortFirstThree
[       OK ] ContainerTypedTestsForMyStruct/1.PartialSortFirstThree (0 ms)
[ RUN      ] ContainerTypedTestsForMyStruct/1.PartialSortFirstFour
[       OK ] ContainerTypedTestsForMyStruct/1.PartialSortFirstFour (0 ms)
[----------] 5 tests from ContainerTypedTestsForMyStruct/1 (0 ms total)

[----------] 5 tests from ContainerTypedTestsForMyStruct/2, where TypeParam = std::vector<MyStruct, std::allocator<MyStruct> >
[ RUN      ] ContainerTypedTestsForMyStruct/2.PartialSortFirstZero
[       OK ] ContainerTypedTestsForMyStruct/2.PartialSortFirstZero (0 ms)
[ RUN      ] ContainerTypedTestsForMyStruct/2.PartialSortFirstOne
[       OK ] ContainerTypedTestsForMyStruct/2.PartialSortFirstOne (0 ms)
[ RUN      ] ContainerTypedTestsForMyStruct/2.PartialSortFirstTwo
[       OK ] ContainerTypedTestsForMyStruct/2.PartialSortFirstTwo (0 ms)
[ RUN      ] ContainerTypedTestsForMyStruct/2.PartialSortFirstThree
[       OK ] ContainerTypedTestsForMyStruct/2.PartialSortFirstThree (0 ms)
[ RUN      ] ContainerTypedTestsForMyStruct/2.PartialSortFirstFour
[       OK ] ContainerTypedTestsForMyStruct/2.PartialSortFirstFour (0 ms)
[----------] 5 tests from ContainerTypedTestsForMyStruct/2 (0 ms total)

[----------] 5 tests from ContainerTypedTestsForMyStruct/3, where TypeParam = std::deque<MyStruct, std::allocator<MyStruct> >
[ RUN      ] ContainerTypedTestsForMyStruct/3.PartialSortFirstZero
[       OK ] ContainerTypedTestsForMyStruct/3.PartialSortFirstZero (0 ms)
[ RUN      ] ContainerTypedTestsForMyStruct/3.PartialSortFirstOne
[       OK ] ContainerTypedTestsForMyStruct/3.PartialSortFirstOne (0 ms)
[ RUN      ] ContainerTypedTestsForMyStruct/3.PartialSortFirstTwo
[       OK ] ContainerTypedTestsForMyStruct/3.PartialSortFirstTwo (0 ms)
[ RUN      ] ContainerTypedTestsForMyStruct/3.PartialSortFirstThree
[       OK ] ContainerTypedTestsForMyStruct/3.PartialSortFirstThree (0 ms)
[ RUN      ] ContainerTypedTestsForMyStruct/3.PartialSortFirstFour
[       OK ] ContainerTypedTestsForMyStruct/3.PartialSortFirstFour (0 ms)
[----------] 5 tests from ContainerTypedTestsForMyStruct/3 (0 ms total)

[----------] Global test environment tear-down
[==========] 20 tests from 4 test cases ran. (0 ms total)
[  PASSED  ] 20 tests.
<end of output>
Test time =   0.00 sec
----------------------------------------------------------
Test Passed.
"partial_sort" end time: Sep 22 13:02 CEST
"partial_sort" time elapsed: 00:00:00
----------------------------------------------------------

7/11 Testing: partition
7/11 Test: partition
Command: "/home/damian/Desktop/repos/Solutions/stl-workshop/build/partitionTests"
Directory: /home/damian/Desktop/repos/Solutions/stl-workshop/build
"partition" start time: Sep 22 13:02 CEST
Output:
----------------------------------------------------------
Running main() from gtest_main.cc
[==========] Running 16 tests from 4 test cases.
[----------] Global test environment set-up.
[----------] 4 tests from ContainerTypedTests/0, where TypeParam = std::array<int, 4ul>
[ RUN      ] ContainerTypedTests/0.PartitionMixed
[       OK ] ContainerTypedTests/0.PartitionMixed (0 ms)
[ RUN      ] ContainerTypedTests/0.PartitionOneOddAtTheEnd
[       OK ] ContainerTypedTests/0.PartitionOneOddAtTheEnd (0 ms)
[ RUN      ] ContainerTypedTests/0.PartitionNoOdds
[       OK ] ContainerTypedTests/0.PartitionNoOdds (0 ms)
[ RUN      ] ContainerTypedTests/0.PartitionJustOdds
[       OK ] ContainerTypedTests/0.PartitionJustOdds (0 ms)
[----------] 4 tests from ContainerTypedTests/0 (0 ms total)

[----------] 4 tests from ContainerTypedTests/1, where TypeParam = std::__cxx11::list<int, std::allocator<int> >
[ RUN      ] ContainerTypedTests/1.PartitionMixed
[       OK ] ContainerTypedTests/1.PartitionMixed (0 ms)
[ RUN      ] ContainerTypedTests/1.PartitionOneOddAtTheEnd
[       OK ] ContainerTypedTests/1.PartitionOneOddAtTheEnd (0 ms)
[ RUN      ] ContainerTypedTests/1.PartitionNoOdds
[       OK ] ContainerTypedTests/1.PartitionNoOdds (0 ms)
[ RUN      ] ContainerTypedTests/1.PartitionJustOdds
[       OK ] ContainerTypedTests/1.PartitionJustOdds (0 ms)
[----------] 4 tests from ContainerTypedTests/1 (0 ms total)

[----------] 4 tests from ContainerTypedTests/2, where TypeParam = std::vector<int, std::allocator<int> >
[ RUN      ] ContainerTypedTests/2.PartitionMixed
[       OK ] ContainerTypedTests/2.PartitionMixed (0 ms)
[ RUN      ] ContainerTypedTests/2.PartitionOneOddAtTheEnd
[       OK ] ContainerTypedTests/2.PartitionOneOddAtTheEnd (0 ms)
[ RUN      ] ContainerTypedTests/2.PartitionNoOdds
[       OK ] ContainerTypedTests/2.PartitionNoOdds (0 ms)
[ RUN      ] ContainerTypedTests/2.PartitionJustOdds
[       OK ] ContainerTypedTests/2.PartitionJustOdds (0 ms)
[----------] 4 tests from ContainerTypedTests/2 (0 ms total)

[----------] 4 tests from ContainerTypedTests/3, where TypeParam = std::deque<int, std::allocator<int> >
[ RUN      ] ContainerTypedTests/3.PartitionMixed
[       OK ] ContainerTypedTests/3.PartitionMixed (0 ms)
[ RUN      ] ContainerTypedTests/3.PartitionOneOddAtTheEnd
[       OK ] ContainerTypedTests/3.PartitionOneOddAtTheEnd (0 ms)
[ RUN      ] ContainerTypedTests/3.PartitionNoOdds
[       OK ] ContainerTypedTests/3.PartitionNoOdds (0 ms)
[ RUN      ] ContainerTypedTests/3.PartitionJustOdds
[       OK ] ContainerTypedTests/3.PartitionJustOdds (0 ms)
[----------] 4 tests from ContainerTypedTests/3 (0 ms total)

[----------] Global test environment tear-down
[==========] 16 tests from 4 test cases ran. (0 ms total)
[  PASSED  ] 16 tests.
<end of output>
Test time =   0.00 sec
----------------------------------------------------------
Test Passed.
"partition" end time: Sep 22 13:02 CEST
"partition" time elapsed: 00:00:00
----------------------------------------------------------

8/11 Testing: remove_duplicates
8/11 Test: remove_duplicates
Command: "/home/damian/Desktop/repos/Solutions/stl-workshop/build/remove_duplicatesTests"
Directory: /home/damian/Desktop/repos/Solutions/stl-workshop/build
"remove_duplicates" start time: Sep 22 13:02 CEST
Output:
----------------------------------------------------------
Running main() from gtest_main.cc
[==========] Running 12 tests from 4 test cases.
[----------] Global test environment set-up.
[----------] 3 tests from ContainerTypedTests/0, where TypeParam = std::array<int, 4ul>
[ RUN      ] ContainerTypedTests/0.RemoveDuplicatesWithDuplicatedValues
[       OK ] ContainerTypedTests/0.RemoveDuplicatesWithDuplicatedValues (0 ms)
[ RUN      ] ContainerTypedTests/0.RemoveDuplicatesNoDuplicatedValues
[       OK ] ContainerTypedTests/0.RemoveDuplicatesNoDuplicatedValues (0 ms)
[ RUN      ] ContainerTypedTests/0.RemoveDuplicatesAllDuplicatedValues
[       OK ] ContainerTypedTests/0.RemoveDuplicatesAllDuplicatedValues (0 ms)
[----------] 3 tests from ContainerTypedTests/0 (0 ms total)

[----------] 3 tests from ContainerTypedTests/1, where TypeParam = std::__cxx11::list<int, std::allocator<int> >
[ RUN      ] ContainerTypedTests/1.RemoveDuplicatesWithDuplicatedValues
[       OK ] ContainerTypedTests/1.RemoveDuplicatesWithDuplicatedValues (0 ms)
[ RUN      ] ContainerTypedTests/1.RemoveDuplicatesNoDuplicatedValues
[       OK ] ContainerTypedTests/1.RemoveDuplicatesNoDuplicatedValues (0 ms)
[ RUN      ] ContainerTypedTests/1.RemoveDuplicatesAllDuplicatedValues
[       OK ] ContainerTypedTests/1.RemoveDuplicatesAllDuplicatedValues (0 ms)
[----------] 3 tests from ContainerTypedTests/1 (0 ms total)

[----------] 3 tests from ContainerTypedTests/2, where TypeParam = std::vector<int, std::allocator<int> >
[ RUN      ] ContainerTypedTests/2.RemoveDuplicatesWithDuplicatedValues
[       OK ] ContainerTypedTests/2.RemoveDuplicatesWithDuplicatedValues (0 ms)
[ RUN      ] ContainerTypedTests/2.RemoveDuplicatesNoDuplicatedValues
[       OK ] ContainerTypedTests/2.RemoveDuplicatesNoDuplicatedValues (0 ms)
[ RUN      ] ContainerTypedTests/2.RemoveDuplicatesAllDuplicatedValues
[       OK ] ContainerTypedTests/2.RemoveDuplicatesAllDuplicatedValues (0 ms)
[----------] 3 tests from ContainerTypedTests/2 (0 ms total)

[----------] 3 tests from ContainerTypedTests/3, where TypeParam = std::deque<int, std::allocator<int> >
[ RUN      ] ContainerTypedTests/3.RemoveDuplicatesWithDuplicatedValues
[       OK ] ContainerTypedTests/3.RemoveDuplicatesWithDuplicatedValues (0 ms)
[ RUN      ] ContainerTypedTests/3.RemoveDuplicatesNoDuplicatedValues
[       OK ] ContainerTypedTests/3.RemoveDuplicatesNoDuplicatedValues (0 ms)
[ RUN      ] ContainerTypedTests/3.RemoveDuplicatesAllDuplicatedValues
[       OK ] ContainerTypedTests/3.RemoveDuplicatesAllDuplicatedValues (0 ms)
[----------] 3 tests from ContainerTypedTests/3 (0 ms total)

[----------] Global test environment tear-down
[==========] 12 tests from 4 test cases ran. (0 ms total)
[  PASSED  ] 12 tests.
<end of output>
Test time =   0.00 sec
----------------------------------------------------------
Test Passed.
"remove_duplicates" end time: Sep 22 13:02 CEST
"remove_duplicates" time elapsed: 00:00:00
----------------------------------------------------------

9/11 Testing: find_diff
9/11 Test: find_diff
Command: "/home/damian/Desktop/repos/Solutions/stl-workshop/build/find_diffTests"
Directory: /home/damian/Desktop/repos/Solutions/stl-workshop/build
"find_diff" start time: Sep 22 13:02 CEST
Output:
----------------------------------------------------------
Running main() from gtest_main.cc
[==========] Running 8 tests from 4 test cases.
[----------] Global test environment set-up.
[----------] 2 tests from ContainerTypedTests/0, where TypeParam = std::array<int, 4ul>
[ RUN      ] ContainerTypedTests/0.FindFirstDifference_ThereIsDifference
[       OK ] ContainerTypedTests/0.FindFirstDifference_ThereIsDifference (0 ms)
[ RUN      ] ContainerTypedTests/0.FindFirstDifference_BothContainersEqual
[       OK ] ContainerTypedTests/0.FindFirstDifference_BothContainersEqual (0 ms)
[----------] 2 tests from ContainerTypedTests/0 (0 ms total)

[----------] 2 tests from ContainerTypedTests/1, where TypeParam = std::__cxx11::list<int, std::allocator<int> >
[ RUN      ] ContainerTypedTests/1.FindFirstDifference_ThereIsDifference
[       OK ] ContainerTypedTests/1.FindFirstDifference_ThereIsDifference (0 ms)
[ RUN      ] ContainerTypedTests/1.FindFirstDifference_BothContainersEqual
[       OK ] ContainerTypedTests/1.FindFirstDifference_BothContainersEqual (0 ms)
[----------] 2 tests from ContainerTypedTests/1 (0 ms total)

[----------] 2 tests from ContainerTypedTests/2, where TypeParam = std::vector<int, std::allocator<int> >
[ RUN      ] ContainerTypedTests/2.FindFirstDifference_ThereIsDifference
[       OK ] ContainerTypedTests/2.FindFirstDifference_ThereIsDifference (0 ms)
[ RUN      ] ContainerTypedTests/2.FindFirstDifference_BothContainersEqual
[       OK ] ContainerTypedTests/2.FindFirstDifference_BothContainersEqual (0 ms)
[----------] 2 tests from ContainerTypedTests/2 (0 ms total)

[----------] 2 tests from ContainerTypedTests/3, where TypeParam = std::deque<int, std::allocator<int> >
[ RUN      ] ContainerTypedTests/3.FindFirstDifference_ThereIsDifference
[       OK ] ContainerTypedTests/3.FindFirstDifference_ThereIsDifference (0 ms)
[ RUN      ] ContainerTypedTests/3.FindFirstDifference_BothContainersEqual
[       OK ] ContainerTypedTests/3.FindFirstDifference_BothContainersEqual (0 ms)
[----------] 2 tests from ContainerTypedTests/3 (0 ms total)

[----------] Global test environment tear-down
[==========] 8 tests from 4 test cases ran. (0 ms total)
[  PASSED  ] 8 tests.
<end of output>
Test time =   0.00 sec
----------------------------------------------------------
Test Passed.
"find_diff" end time: Sep 22 13:02 CEST
"find_diff" time elapsed: 00:00:00
----------------------------------------------------------

10/11 Testing: sum_two_containers
10/11 Test: sum_two_containers
Command: "/home/damian/Desktop/repos/Solutions/stl-workshop/build/sumTwoContainersTests"
Directory: /home/damian/Desktop/repos/Solutions/stl-workshop/build
"sum_two_containers" start time: Sep 22 13:02 CEST
Output:
----------------------------------------------------------
Running main() from gtest_main.cc
[==========] Running 4 tests from 4 test cases.
[----------] Global test environment set-up.
[----------] 1 test from ContainerTypedTests/0, where TypeParam = std::array<int, 4ul>
[ RUN      ] ContainerTypedTests/0.SumElementsFromTwoContainers
[       OK ] ContainerTypedTests/0.SumElementsFromTwoContainers (0 ms)
[----------] 1 test from ContainerTypedTests/0 (0 ms total)

[----------] 1 test from ContainerTypedTests/1, where TypeParam = std::__cxx11::list<int, std::allocator<int> >
[ RUN      ] ContainerTypedTests/1.SumElementsFromTwoContainers
[       OK ] ContainerTypedTests/1.SumElementsFromTwoContainers (0 ms)
[----------] 1 test from ContainerTypedTests/1 (0 ms total)

[----------] 1 test from ContainerTypedTests/2, where TypeParam = std::vector<int, std::allocator<int> >
[ RUN      ] ContainerTypedTests/2.SumElementsFromTwoContainers
[       OK ] ContainerTypedTests/2.SumElementsFromTwoContainers (0 ms)
[----------] 1 test from ContainerTypedTests/2 (0 ms total)

[----------] 1 test from ContainerTypedTests/3, where TypeParam = std::deque<int, std::allocator<int> >
[ RUN      ] ContainerTypedTests/3.SumElementsFromTwoContainers
[       OK ] ContainerTypedTests/3.SumElementsFromTwoContainers (0 ms)
[----------] 1 test from ContainerTypedTests/3 (0 ms total)

[----------] Global test environment tear-down
[==========] 4 tests from 4 test cases ran. (0 ms total)
[  PASSED  ] 4 tests.
<end of output>
Test time =   0.00 sec
----------------------------------------------------------
Test Passed.
"sum_two_containers" end time: Sep 22 13:02 CEST
"sum_two_containers" time elapsed: 00:00:00
----------------------------------------------------------

11/11 Testing: get_just_odd
11/11 Test: get_just_odd
Command: "/home/damian/Desktop/repos/Solutions/stl-workshop/build/getJustOddTests"
Directory: /home/damian/Desktop/repos/Solutions/stl-workshop/build
"get_just_odd" start time: Sep 22 13:02 CEST
Output:
----------------------------------------------------------
Running main() from gtest_main.cc
[==========] Running 12 tests from 4 test cases.
[----------] Global test environment set-up.
[----------] 3 tests from ContainerTypedTests/0, where TypeParam = std::array<int, 4ul>
[ RUN      ] ContainerTypedTests/0.GetJustOddNumbers_ThereAreOddNumbers
[       OK ] ContainerTypedTests/0.GetJustOddNumbers_ThereAreOddNumbers (0 ms)
[ RUN      ] ContainerTypedTests/0.GetJustOddNumbers_NoOddNumbersAtAll
[       OK ] ContainerTypedTests/0.GetJustOddNumbers_NoOddNumbersAtAll (0 ms)
[ RUN      ] ContainerTypedTests/0.GetJustOddNumbers_JustOddNumbers
[       OK ] ContainerTypedTests/0.GetJustOddNumbers_JustOddNumbers (0 ms)
[----------] 3 tests from ContainerTypedTests/0 (0 ms total)

[----------] 3 tests from ContainerTypedTests/1, where TypeParam = std::__cxx11::list<int, std::allocator<int> >
[ RUN      ] ContainerTypedTests/1.GetJustOddNumbers_ThereAreOddNumbers
[       OK ] ContainerTypedTests/1.GetJustOddNumbers_ThereAreOddNumbers (0 ms)
[ RUN      ] ContainerTypedTests/1.GetJustOddNumbers_NoOddNumbersAtAll
[       OK ] ContainerTypedTests/1.GetJustOddNumbers_NoOddNumbersAtAll (0 ms)
[ RUN      ] ContainerTypedTests/1.GetJustOddNumbers_JustOddNumbers
[       OK ] ContainerTypedTests/1.GetJustOddNumbers_JustOddNumbers (0 ms)
[----------] 3 tests from ContainerTypedTests/1 (0 ms total)

[----------] 3 tests from ContainerTypedTests/2, where TypeParam = std::vector<int, std::allocator<int> >
[ RUN      ] ContainerTypedTests/2.GetJustOddNumbers_ThereAreOddNumbers
[       OK ] ContainerTypedTests/2.GetJustOddNumbers_ThereAreOddNumbers (0 ms)
[ RUN      ] ContainerTypedTests/2.GetJustOddNumbers_NoOddNumbersAtAll
[       OK ] ContainerTypedTests/2.GetJustOddNumbers_NoOddNumbersAtAll (0 ms)
[ RUN      ] ContainerTypedTests/2.GetJustOddNumbers_JustOddNumbers
[       OK ] ContainerTypedTests/2.GetJustOddNumbers_JustOddNumbers (0 ms)
[----------] 3 tests from ContainerTypedTests/2 (0 ms total)

[----------] 3 tests from ContainerTypedTests/3, where TypeParam = std::deque<int, std::allocator<int> >
[ RUN      ] ContainerTypedTests/3.GetJustOddNumbers_ThereAreOddNumbers
[       OK ] ContainerTypedTests/3.GetJustOddNumbers_ThereAreOddNumbers (0 ms)
[ RUN      ] ContainerTypedTests/3.GetJustOddNumbers_NoOddNumbersAtAll
[       OK ] ContainerTypedTests/3.GetJustOddNumbers_NoOddNumbersAtAll (0 ms)
[ RUN      ] ContainerTypedTests/3.GetJustOddNumbers_JustOddNumbers
[       OK ] ContainerTypedTests/3.GetJustOddNumbers_JustOddNumbers (0 ms)
[----------] 3 tests from ContainerTypedTests/3 (0 ms total)

[----------] Global test environment tear-down
[==========] 12 tests from 4 test cases ran. (0 ms total)
[  PASSED  ] 12 tests.
<end of output>
Test time =   0.00 sec
----------------------------------------------------------
Test Passed.
"get_just_odd" end time: Sep 22 13:02 CEST
"get_just_odd" time elapsed: 00:00:00
----------------------------------------------------------

End testing: Sep 22 13:02 CEST
